  ▲ Next.js 14.2.28
  - Local:        http://localhost:3000
  - Environments: .env
  - Experiments (use with caution):
    · outputFileTracingRoot

 ✓ Starting...
 ✓ Ready in 1549ms
 ○ Compiling / ...
 ✓ Compiled / in 2.1s (1260 modules)
 GET / 200 in 2587ms
 ✓ Compiled in 418ms (636 modules)
 GET / 200 in 45ms
 ✓ Compiled /api/auth/[...nextauth] in 357ms (864 modules)
 GET /api/auth/session 200 in 810ms
 GET /api/auth/session 200 in 34ms
 GET / 200 in 83ms
 GET / 200 in 37ms
 GET / 200 in 32ms
 GET / 200 in 34ms
 GET / 200 in 30ms
 GET / 200 in 31ms
 GET / 200 in 31ms
 GET / 200 in 30ms
 GET / 200 in 31ms
 GET / 200 in 34ms
 GET / 200 in 29ms
 GET / 200 in 40ms
 GET / 200 in 32ms
 GET / 200 in 30ms
 GET / 200 in 31ms
 GET / 200 in 31ms
 GET / 200 in 29ms
 GET / 200 in 28ms
 GET / 200 in 33ms
 GET / 200 in 27ms
 GET / 200 in 28ms
 GET / 200 in 30ms
 GET / 200 in 34ms
 GET / 200 in 31ms
 GET / 200 in 33ms
 GET / 200 in 33ms
 GET / 200 in 32ms
 GET / 200 in 32ms
 GET / 200 in 32ms
 GET / 200 in 32ms
