  ▲ Next.js 14.2.28
  - Local:        http://localhost:3000
  - Environments: .env
  - Experiments (use with caution):
    · outputFileTracingRoot

 ✓ Starting...
 ✓ Ready in 1519ms
 ○ Compiling / ...
 ✓ Compiled / in 1633ms (1260 modules)
 GET / 200 in 1978ms
 ✓ Compiled in 395ms (636 modules)
 ○ Compiling /api/auth/[...nextauth] ...
 ✓ Compiled /api/auth/[...nextauth] in 696ms (864 modules)
 GET /api/auth/providers 200 in 1152ms
 GET / 200 in 101ms
 GET /api/auth/session 200 in 36ms
 GET /api/auth/session 200 in 23ms
 ○ Compiling /auth/login ...
 ✓ Compiled /auth/login in 846ms (1512 modules)
 GET /auth/signup 200 in 961ms
 GET /auth/login 200 in 946ms
 GET /api/auth/session 200 in 54ms
 GET /api/auth/session 200 in 25ms
 GET /api/auth/session 200 in 27ms
 GET /api/auth/session 200 in 24ms
 GET /api/auth/session 200 in 23ms
 GET /api/auth/csrf 200 in 39ms
 ✓ Compiled /api/signup in 198ms (904 modules)
 POST /api/signup 201 in 442ms
 GET / 200 in 64ms
 GET /api/auth/signin 302 in 48ms
 GET /auth/login?callbackUrl=https://c374bf9ef.preview.abacusai.app 200 in 39ms
 GET /api/auth/csrf 200 in 25ms
 POST /api/auth/callback/credentials 302 in 166ms
 ✓ Compiled /_not-found in 268ms (1541 modules)
 GET /dashboard 404 in 312ms
 GET / 200 in 42ms
 GET /api/auth/session 200 in 48ms
 GET /api/auth/session 200 in 31ms
 ○ Compiling /my-dogs ...
 ✓ Compiled /my-dogs in 638ms (1555 modules)
 ✓ Compiled /api/dogs in 265ms (916 modules)
 GET /api/dogs 200 in 391ms
 GET /api/dogs 200 in 26ms
 ○ Compiling /recipes ...
 ✓ Compiled /recipes in 1319ms (1726 modules)
 GET /my-dogs 200 in 1483ms
 GET /recipes 200 in 1494ms
 GET /generate 200 in 1497ms
 GET /my-dogs/new 200 in 1496ms
 GET /api/auth/session 200 in 64ms
 GET /api/auth/session 200 in 38ms
 ✓ Compiled /api/recipes in 234ms (1005 modules)
 GET /api/auth/session 200 in 467ms
 GET /api/dogs 200 in 557ms
 GET /api/auth/session 200 in 25ms
 GET /api/recipes 200 in 602ms
 GET /api/dogs 200 in 33ms
 GET /api/auth/session 200 in 28ms
 GET /api/auth/session 200 in 26ms
 GET /api/dogs 200 in 29ms
 GET /api/auth/session 200 in 31ms
 GET /api/auth/session 200 in 23ms
 GET /api/auth/session 200 in 37ms
 GET /api/auth/session 200 in 22ms
 GET /api/auth/session 200 in 24ms
 GET /api/auth/session 200 in 23ms
 GET /api/auth/session 200 in 22ms
 GET /api/auth/session 200 in 23ms
[?25h
