➤ YN0000: · Yarn 4.12.0
➤ YN0000: ┌ Resolution step
➤ YN0000: └ Completed
➤ YN0000: ┌ Post-resolution validation
➤ YN0060: │ @typescript-eslint/parser is listed by your project with version 7.0.0 (p6cb6c0), which doesn't satisfy what @typescript-eslint/eslint-plugin requests (^6.0.0-alpha).
➤ YN0060: │ eslint is listed by your project with version 9.24.0 (pe6e000), which doesn't satisfy what @typescript-eslint/eslint-plugin and other dependencies request (^8.57.0).
➤ YN0002: │ app@workspace:. doesn't provide prettier (pd88b5f), requested by eslint-plugin-prettier.
➤ YN0086: │ Some peer dependencies are incorrectly met by your project; run yarn explain peer-requirements <hash> for details, where <hash> is the six-letter p-prefixed code.
➤ YN0086: │ Some peer dependencies are incorrectly met by dependencies; run yarn explain peer-requirements for details.
➤ YN0000: └ Completed
➤ YN0000: ┌ Fetch step
➤ YN0000: └ Completed in 0s 904ms
➤ YN0000: ┌ Link step
➤ YN0000: └ Completed in 0s 231ms
➤ YN0000: · Done with warnings in 1s 443ms
Environment variables loaded from .env
Prisma schema loaded from prisma/schema.prisma

✔ Generated Prisma Client (v6.7.0) to ./node_modules/.prisma/client in 98ms

Start by importing your Prisma Client (See: https://pris.ly/d/importing-client)

Help us improve the Prisma ORM for everyone. Share your feedback in a short 2-min survey: https://pris.ly/orm/survey/release-5-22

Starting server...
  ▲ Next.js 14.2.28
  - Local:        http://localhost:3000
  - Environments: .env
  - Experiments (use with caution):
    · outputFileTracingRoot

 ✓ Starting...
 ✓ Ready in 1545ms
 ○ Compiling / ...
 ✓ Compiled / in 2.1s (1260 modules)
 HEAD / 200 in 2409ms
 ✓ Compiled in 417ms (636 modules)
 GET / 200 in 50ms
 ✓ Compiled /api/auth/[...nextauth] in 428ms (864 modules)
 GET /api/auth/session 200 in 891ms
 GET /api/auth/session 200 in 35ms
 GET / 200 in 74ms
 GET / 200 in 35ms
 GET / 200 in 37ms
 GET / 200 in 37ms
 GET / 200 in 34ms
 GET / 200 in 33ms
 GET / 200 in 34ms
 GET /api/auth/session 200 in 40ms
 GET /api/auth/session 200 in 29ms
 GET / 200 in 32ms
 GET / 200 in 37ms
 GET / 200 in 30ms
 GET / 200 in 30ms
 GET / 200 in 28ms
 GET /api/auth/session 200 in 35ms
 GET /api/auth/session 200 in 22ms
 GET / 200 in 31ms
 GET / 200 in 29ms
 GET / 200 in 65ms
 GET / 200 in 37ms
   Reload env: .env
 ✓ Compiled in 222ms (624 modules)
 ✓ Compiled in 530ms (636 modules)
 ✓ Compiled in 308ms (636 modules)
 ✓ Compiled in 295ms (636 modules)
 ✓ Compiled in 314ms (636 modules)
 ✓ Compiled in 343ms (636 modules)
 ✓ Compiled in 421ms (636 modules)
 ✓ Compiled in 269ms (636 modules)
 ✓ Compiled in 288ms (636 modules)
 ✓ Compiled in 356ms (636 modules)
 ✓ Compiled in 239ms (636 modules)
 ✓ Compiled in 235ms (636 modules)
 ✓ Compiled in 334ms (636 modules)
 ✓ Compiled in 247ms (636 modules)
 ✓ Compiled in 243ms (636 modules)
 ✓ Compiled in 277ms (636 modules)
 ✓ Compiled in 227ms (636 modules)
[?25h
