  ▲ Next.js 14.2.28
  - Environments: .env
  - Experiments (use with caution):
    · outputFileTracingRoot

   Creating an optimized production build ...
 ✓ Compiled successfully
   Skipping linting
   Checking validity of types ...
   Collecting page data ...
   Generating static pages (0/11) ...
   Generating static pages (2/11) 
   Generating static pages (5/11) 
   Generating static pages (8/11) 
 ✓ Generating static pages (11/11)
   Finalizing page optimization ...
   Collecting build traces ...

Route (app)                              Size     First Load JS
┌ ○ /                                    3.5 kB          154 kB
├ ○ /_not-found                          872 B          88.1 kB
├ ƒ /api/auth/[...nextauth]              0 B                0 B
├ ƒ /api/disclaimers                     0 B                0 B
├ ƒ /api/dogs                            0 B                0 B
├ ƒ /api/dogs/[id]                       0 B                0 B
├ ƒ /api/recipes                         0 B                0 B
├ ƒ /api/recipes/[id]                    0 B                0 B
├ ƒ /api/recipes/generate                0 B                0 B
├ ƒ /api/signup                          0 B                0 B
├ ○ /auth/login                          2.49 kB         129 kB
├ ○ /auth/signup                         2.75 kB         129 kB
├ ○ /generate                            16.5 kB         170 kB
├ ○ /my-dogs                             3.07 kB         156 kB
├ ƒ /my-dogs/[id]/edit                   936 B           125 kB
├ ○ /my-dogs/new                         752 B           125 kB
├ ƒ /recipe/[id]                         4.08 kB         157 kB
└ ○ /recipes                             3.36 kB         157 kB
+ First Load JS shared by all            87.2 kB
  ├ chunks/156-7a5565681d4e1c3c.js       31.7 kB
  ├ chunks/ceb5afef-062445099b6f9d25.js  53.6 kB
  └ other shared chunks (total)          1.96 kB


○  (Static)   prerendered as static content
ƒ  (Dynamic)  server-rendered on demand

exit_code=0
