  ▲ Next.js 14.2.28
  - Local:        http://localhost:3000
  - Environments: .env
  - Experiments (use with caution):
    · outputFileTracingRoot

 ✓ Starting...
 ✓ Ready in 1576ms
 ○ Compiling / ...
 ✓ Compiled / in 3.2s (1267 modules)
 GET / 200 in 3515ms
 ✓ Compiled in 416ms (636 modules)
 ○ Compiling /api/auth/[...nextauth] ...
 ✓ Compiled /api/auth/[...nextauth] in 659ms (864 modules)
 GET /api/auth/providers 200 in 1158ms
 GET / 200 in 65ms
 GET /api/auth/session 200 in 42ms
 GET /api/auth/session 200 in 45ms
 ○ Compiling /auth/login ...
 ✓ Compiled /auth/login in 682ms (1512 modules)
 GET /auth/login 200 in 773ms
 GET /auth/signup 200 in 774ms
 GET /api/auth/session 200 in 48ms
 GET /api/auth/session 200 in 26ms
 GET /api/auth/session 200 in 26ms
 GET /api/auth/session 200 in 23ms
 GET /api/auth/session 200 in 28ms
 GET /api/auth/csrf 200 in 35ms
 ✓ Compiled /api/signup in 185ms (904 modules)
 POST /api/signup 201 in 411ms
 GET / 200 in 58ms
 GET /api/auth/signin 302 in 42ms
 GET /auth/login?callbackUrl=https://c374bf9ef.preview.abacusai.app 200 in 35ms
 GET /api/auth/csrf 200 in 22ms
 POST /api/auth/callback/credentials 302 in 147ms
 ✓ Compiled /_not-found in 232ms (1541 modules)
 GET /dashboard 404 in 277ms
 GET / 200 in 38ms
 GET /api/auth/session 200 in 48ms
 GET /api/auth/session 200 in 31ms
 ○ Compiling /my-dogs ...
 ✓ Compiled /my-dogs in 721ms (1555 modules)
 ✓ Compiled /api/dogs in 197ms (916 modules)
 GET /api/dogs 200 in 331ms
 GET /api/dogs 200 in 26ms
 ○ Compiling /recipes ...
 ✓ Compiled /recipes in 1052ms (1726 modules)
 GET /my-dogs 200 in 1117ms
 GET /my-dogs/new 200 in 1192ms
 GET /recipes 200 in 1186ms
 GET /generate 200 in 1192ms
 GET /api/auth/session 200 in 68ms
 GET /api/auth/session 200 in 31ms
 GET /api/auth/session 200 in 32ms
 GET /api/dogs 200 in 104ms
 GET /api/auth/session 200 in 28ms
 GET /api/auth/session 200 in 24ms
 GET /api/auth/session 200 in 94ms
 ✓ Compiled /api/recipes in 291ms (1005 modules)
 GET /api/dogs 200 in 595ms
 GET /api/recipes 200 in 621ms
 GET /api/auth/session 200 in 746ms
 GET /api/auth/session 200 in 45ms
 GET /api/dogs 200 in 47ms
 GET /api/auth/session 200 in 24ms
 GET /api/auth/session 200 in 22ms
 GET /api/auth/session 200 in 25ms
 GET /api/auth/session 200 in 27ms
 GET /api/auth/session 200 in 29ms
 GET /api/auth/session 200 in 56ms
 ✓ Compiled in 580ms (1740 modules)
[?25h
