  ▲ Next.js 14.2.28
  - Local:        http://localhost:3000
  - Environments: .env
  - Experiments (use with caution):
    · outputFileTracingRoot

 ✓ Starting...
Attention: Next.js now collects completely anonymous telemetry regarding usage.
This information is used to shape Next.js' roadmap and prioritize features.
You can learn more, including how to opt-out if you'd not like to participate in this anonymous program, by visiting the following URL:
https://nextjs.org/telemetry

 ✓ Ready in 1271ms
 ○ Compiling / ...
 ✓ Compiled / in 3.2s (1267 modules)
 GET / 200 in 3528ms
 ✓ Compiled in 420ms (636 modules)
 ✓ Compiled in 353ms (1248 modules)
 ○ Compiling /api/auth/[...nextauth] ...
 ✓ Compiled /api/auth/[...nextauth] in 585ms (864 modules)
 GET /api/auth/providers 200 in 1063ms
 GET / 200 in 85ms
 GET /api/auth/session 200 in 38ms
 GET /api/auth/session 200 in 24ms
 ○ Compiling /auth/login ...
 ✓ Compiled /auth/login in 652ms (1512 modules)
 GET /auth/login 200 in 741ms
 GET /auth/signup 200 in 748ms
 GET /api/auth/session 200 in 51ms
 GET /api/auth/session 200 in 23ms
 GET /api/auth/session 200 in 23ms
 GET /api/auth/session 200 in 22ms
 GET /api/auth/session 200 in 22ms
 GET /api/auth/csrf 200 in 40ms
 ✓ Compiled /api/signup in 196ms (904 modules)
 POST /api/signup 201 in 429ms
 GET / 200 in 59ms
 GET /api/auth/signin 302 in 43ms
 GET /auth/login?callbackUrl=https://c374bf9ef.preview.abacusai.app 200 in 37ms
 GET /api/auth/csrf 200 in 25ms
 POST /api/auth/callback/credentials 302 in 92ms
[?25h
